<?xml version="1.0" encoding="UTF-8"?>
<testsuite name="systems.project.TicketServiceTests" tests="22" skipped="0" failures="0" errors="0" timestamp="2025-09-16T18:46:20.723Z" hostname="MacBook-Air-Evgeniy.local" time="0.502">
  <properties/>
  <testcase name="testGetWithMinEvent()" classname="systems.project.TicketServiceTests" time="0.452"/>
  <testcase name="testFailCountByCommentLess()" classname="systems.project.TicketServiceTests" time="0.005"/>
  <testcase name="testFailSellTicketNoPerson()" classname="systems.project.TicketServiceTests" time="0.003"/>
  <testcase name="testCountByCommentLess()" classname="systems.project.TicketServiceTests" time="0.002"/>
  <testcase name="testFailSellTicketNoTicket()" classname="systems.project.TicketServiceTests" time="0.002"/>
  <testcase name="testFailSellTicketInvalidAmount()" classname="systems.project.TicketServiceTests" time="0.001"/>
  <testcase name="testFailDelete()" classname="systems.project.TicketServiceTests" time="0.002"/>
  <testcase name="testDeleteAllByCommentNone()" classname="systems.project.TicketServiceTests" time="0.002"/>
  <testcase name="testFailUpdateTicket()" classname="systems.project.TicketServiceTests" time="0.004"/>
  <testcase name="testSellTicket()" classname="systems.project.TicketServiceTests" time="0.001"/>
  <testcase name="testCloneVipNotFound()" classname="systems.project.TicketServiceTests" time="0.002"/>
  <testcase name="testGetEmptyTicket()" classname="systems.project.TicketServiceTests" time="0.002"/>
  <testcase name="testNotFoundWhileDelete()" classname="systems.project.TicketServiceTests" time="0.001"/>
  <testcase name="testGetWithMinEventEmpty()" classname="systems.project.TicketServiceTests" time="0.001"/>
  <testcase name="testUpdateTicket()" classname="systems.project.TicketServiceTests" time="0.003"/>
  <testcase name="testDeleteAllByComment()" classname="systems.project.TicketServiceTests" time="0.001"/>
  <testcase name="testRemoveTicket()" classname="systems.project.TicketServiceTests" time="0.001"/>
  <testcase name="testNotFountWhileUpdateTicket()" classname="systems.project.TicketServiceTests" time="0.001"/>
  <testcase name="testFailGetTicket()" classname="systems.project.TicketServiceTests" time="0.001"/>
  <testcase name="testDeleteAllByCommentEmpty()" classname="systems.project.TicketServiceTests" time="0.004"/>
  <testcase name="testGetTicket()" classname="systems.project.TicketServiceTests" time="0.001"/>
  <testcase name="testCloneVip()" classname="systems.project.TicketServiceTests" time="0.002"/>
  <system-out><![CDATA[]]></system-out>
  <system-err><![CDATA[]]></system-err>
</testsuite>
